<?xml version="1.0" encoding="UTF-8"?>
<!-- Generated by org.testng.reporters.JUnitXMLReporter -->
<testsuite ignored="0" hostname="hi" failures="0" tests="6" name="Default test" time="3.503" errors="0" timestamp="2024-05-01T18:29:22 EDT">
  <testcase classname="api.test.DataDriven" name="testDeleteUser" time="1.443"/>
  <testcase classname="api.test.DataDriven" name="testDeleteUser" time="0.134"/>
  <testcase classname="api.test.DataDriven" name="testDeleteUser" time="0.146"/>
  <testcase classname="api.test.DataDriven" name="testPostUser" time="0.204"/>
  <testcase classname="api.test.DataDriven" name="testPostUser" time="0.135"/>
  <testcase classname="api.test.DataDriven" name="testPostUser" time="0.125"/>
</testsuite> <!-- Default test -->
