<?xml version="1.0" encoding="UTF-8"?>
<!-- Generated by org.testng.reporters.JUnitXMLReporter -->
<testsuite ignored="0" hostname="hi" failures="4" tests="8" name="Test" time="4.613" errors="0" timestamp="2024-05-06T17:38:01 EDT">
  <testcase classname="api.test.DataDriven" name="testDeleteUser" time="1.597"/>
  <testcase classname="api.test.DataDriven" name="testDeleteUser" time="0.154">
    <failure type="java.lang.AssertionError" message="expected [200] but found [404]">
      <![CDATA[java.lang.AssertionError: expected [200] but found [404]
at api.test.DataDriven.testDeleteUser(DataDriven.java:35)
at java.base/java.util.ArrayList.forEach(ArrayList.java:1596)
... Removed 31 stack frames]]>
    </failure>
  </testcase> <!-- testDeleteUser -->
  <testcase classname="api.test.DataDriven" name="testDeleteUser" time="0.154">
    <failure type="java.lang.AssertionError" message="expected [200] but found [404]">
      <![CDATA[java.lang.AssertionError: expected [200] but found [404]
at api.test.DataDriven.testDeleteUser(DataDriven.java:35)
at java.base/java.util.ArrayList.forEach(ArrayList.java:1596)
... Removed 31 stack frames]]>
    </failure>
  </testcase> <!-- testDeleteUser -->
  <testcase classname="api.test.DataDriven" name="testPostUser" time="0.246"/>
  <testcase classname="api.test.DataDriven" name="testPostUser" time="0.126"/>
  <testcase classname="api.test.DataDriven" name="testPostUser" time="0.137"/>
  <testcase classname="api.test.UserTestRoutesProperties" name="testPostUser" time="0.004">
    <failure type="java.util.MissingResourceException" message="Can&amp;apos;t find resource for bundle java.util.PropertyResourceBundle, key post_url">
      <![CDATA[java.util.MissingResourceException: Can't find resource for bundle java.util.PropertyResourceBundle, key post_url
at java.base/java.util.ResourceBundle.getObject(ResourceBundle.java:567)
at java.base/java.util.ResourceBundle.getString(ResourceBundle.java:523)
at api.endpoints.UserEndPointsFromProperties.createUser(UserEndPointsFromProperties.java:22)
at api.test.UserTestRoutesProperties.testPostUser(UserTestRoutesProperties.java:35)
at java.base/java.util.ArrayList.forEach(ArrayList.java:1596)
... Removed 25 stack frames]]>
    </failure>
  </testcase> <!-- testPostUser -->
  <testcase classname="api.test.UserTestRoutesProperties" name="testGetUser" time="0.132">
    <failure type="java.lang.AssertionError" message="expected [200] but found [404]">
      <![CDATA[java.lang.AssertionError: expected [200] but found [404]
at api.test.UserTestRoutesProperties.testGetUser(UserTestRoutesProperties.java:47)
at java.base/java.util.ArrayList.forEach(ArrayList.java:1596)
... Removed 31 stack frames]]>
    </failure>
  </testcase> <!-- testGetUser -->
</testsuite> <!-- Test -->
