<?xml version="1.0" encoding="UTF-8"?>
<testng-results ignored="0" total="2" passed="2" failed="0" skipped="0">
  <reporter-output>
  </reporter-output>
  <suite started-at="2024-05-07T17:03:27 EDT" name="Surefire suite" finished-at="2024-05-07T17:03:30 EDT" duration-ms="2498">
    <groups>
    </groups>
    <test started-at="2024-05-07T17:03:27 EDT" name="Surefire test" finished-at="2024-05-07T17:03:30 EDT" duration-ms="2498">
      <class name="api.test.UserTest">
        <test-method is-config="true" signature="setupfakedata()[pri:0, instance:api.test.UserTest@1c93084c]" started-at="2024-05-07T17:03:27 EDT" name="setupfakedata" finished-at="2024-05-07T17:03:28 EDT" duration-ms="216" status="PASS">
          <reporter-output>
          </reporter-output>
        </test-method> <!-- setupfakedata -->
        <test-method signature="testPostUser()[pri:1, instance:api.test.UserTest@1c93084c]" started-at="2024-05-07T17:03:28 EDT" name="testPostUser" finished-at="2024-05-07T17:03:30 EDT" duration-ms="2056" status="PASS">
          <reporter-output>
          </reporter-output>
        </test-method> <!-- testPostUser -->
        <test-method signature="testGetUser()[pri:2, instance:api.test.UserTest@1c93084c]" started-at="2024-05-07T17:03:30 EDT" name="testGetUser" finished-at="2024-05-07T17:03:30 EDT" duration-ms="176" status="PASS">
          <reporter-output>
          </reporter-output>
        </test-method> <!-- testGetUser -->
      </class> <!-- api.test.UserTest -->
    </test> <!-- Surefire test -->
  </suite> <!-- Surefire suite -->
</testng-results>
